USER       PID %CPU %MEM    VSZ   RSS TTY      STAT START   TIME COMMAND
root         1  0.0  0.0 185220  5912 ?        Ss   09:59   0:02 /sbin/init splash
root         2  0.0  0.0      0     0 ?        S    09:59   0:00 [kthreadd]
root         3  0.0  0.0      0     0 ?        S    09:59   0:00 [ksoftirqd/0]
root         5  0.0  0.0      0     0 ?        S<   09:59   0:00 [kworker/0:0H]
root         7  0.1  0.0      0     0 ?        S    09:59   0:12 [rcu_sched]
root         8  0.0  0.0      0     0 ?        S    09:59   0:00 [rcu_bh]
root         9  0.0  0.0      0     0 ?        S    09:59   0:00 [migration/0]
root        10  0.0  0.0      0     0 ?        S    09:59   0:00 [watchdog/0]
root        11  0.0  0.0      0     0 ?        S    09:59   0:00 [watchdog/1]
root        12  0.0  0.0      0     0 ?        S    09:59   0:00 [migration/1]
root        13  0.0  0.0      0     0 ?        S    09:59   0:00 [ksoftirqd/1]
root        15  0.0  0.0      0     0 ?        S<   09:59   0:00 [kworker/1:0H]
root        16  0.0  0.0      0     0 ?        S    09:59   0:00 [watchdog/2]
root        17  0.0  0.0      0     0 ?        S    09:59   0:00 [migration/2]
root        18  0.0  0.0      0     0 ?        S    09:59   0:00 [ksoftirqd/2]
root        20  0.0  0.0      0     0 ?        S<   09:59   0:00 [kworker/2:0H]
root        21  0.0  0.0      0     0 ?        S    09:59   0:00 [watchdog/3]
root        22  0.0  0.0      0     0 ?        S    09:59   0:00 [migration/3]
root        23  0.0  0.0      0     0 ?        S    09:59   0:00 [ksoftirqd/3]
root        25  0.0  0.0      0     0 ?        S<   09:59   0:00 [kworker/3:0H]
root        26  0.0  0.0      0     0 ?        S    09:59   0:00 [kdevtmpfs]
root        27  0.0  0.0      0     0 ?        S<   09:59   0:00 [netns]
root        28  0.0  0.0      0     0 ?        S<   09:59   0:00 [perf]
root        29  0.0  0.0      0     0 ?        S    09:59   0:00 [khungtaskd]
root        30  0.0  0.0      0     0 ?        S<   09:59   0:00 [writeback]
root        31  0.0  0.0      0     0 ?        SN   09:59   0:00 [ksmd]
root        32  0.0  0.0      0     0 ?        SN   09:59   0:00 [khugepaged]
root        33  0.0  0.0      0     0 ?        S<   09:59   0:00 [crypto]
root        34  0.0  0.0      0     0 ?        S<   09:59   0:00 [kintegrityd]
root        35  0.0  0.0      0     0 ?        S<   09:59   0:00 [bioset]
root        36  0.0  0.0      0     0 ?        S<   09:59   0:00 [kblockd]
root        37  0.0  0.0      0     0 ?        S<   09:59   0:00 [ata_sff]
root        38  0.0  0.0      0     0 ?        S<   09:59   0:00 [md]
root        39  0.0  0.0      0     0 ?        S<   09:59   0:00 [devfreq_wq]
root        46  0.0  0.0      0     0 ?        S    09:59   0:00 [kswapd0]
root        47  0.0  0.0      0     0 ?        S<   09:59   0:00 [vmstat]
root        48  0.0  0.0      0     0 ?        S    09:59   0:00 [fsnotify_mark]
root        49  0.0  0.0      0     0 ?        S    09:59   0:00 [ecryptfs-kthrea]
root        65  0.0  0.0      0     0 ?        S<   09:59   0:00 [kthrotld]
root        66  0.0  0.0      0     0 ?        S<   09:59   0:00 [acpi_thermal_pm]
root        67  0.0  0.0      0     0 ?        S<   09:59   0:00 [bioset]
root        68  0.0  0.0      0     0 ?        S<   09:59   0:00 [bioset]
root        69  0.0  0.0      0     0 ?        S<   09:59   0:00 [bioset]
root        70  0.0  0.0      0     0 ?        S<   09:59   0:00 [bioset]
root        71  0.0  0.0      0     0 ?        S<   09:59   0:00 [bioset]
root        72  0.0  0.0      0     0 ?        S<   09:59   0:00 [bioset]
root        73  0.0  0.0      0     0 ?        S<   09:59   0:00 [bioset]
root        74  0.0  0.0      0     0 ?        S<   09:59   0:00 [bioset]
root        75  0.0  0.0      0     0 ?        S<   09:59   0:00 [bioset]
root        76  0.0  0.0      0     0 ?        S<   09:59   0:00 [bioset]
root        77  0.0  0.0      0     0 ?        S<   09:59   0:00 [bioset]
root        78  0.0  0.0      0     0 ?        S<   09:59   0:00 [bioset]
root        79  0.0  0.0      0     0 ?        S<   09:59   0:00 [bioset]
root        80  0.0  0.0      0     0 ?        S<   09:59   0:00 [bioset]
root        81  0.0  0.0      0     0 ?        S<   09:59   0:00 [bioset]
root        82  0.0  0.0      0     0 ?        S<   09:59   0:00 [bioset]
root        83  0.0  0.0      0     0 ?        S<   09:59   0:00 [bioset]
root        84  0.0  0.0      0     0 ?        S<   09:59   0:00 [bioset]
root        85  0.0  0.0      0     0 ?        S<   09:59   0:00 [bioset]
root        86  0.0  0.0      0     0 ?        S<   09:59   0:00 [bioset]
root        87  0.0  0.0      0     0 ?        S<   09:59   0:00 [bioset]
root        88  0.0  0.0      0     0 ?        S<   09:59   0:00 [bioset]
root        89  0.0  0.0      0     0 ?        S<   09:59   0:00 [bioset]
root        91  0.0  0.0      0     0 ?        S<   09:59   0:00 [bioset]
root        95  0.0  0.0      0     0 ?        S<   09:59   0:00 [ipv6_addrconf]
root       108  0.0  0.0      0     0 ?        S<   09:59   0:00 [deferwq]
root       109  0.0  0.0      0     0 ?        S<   09:59   0:00 [charger_manager]
root       149  0.0  0.0      0     0 ?        S    09:59   0:00 [irq/16-mmc0]
root       150  0.0  0.0      0     0 ?        S    09:59   0:00 [scsi_eh_0]
root       151  0.0  0.0      0     0 ?        S<   09:59   0:00 [scsi_tmf_0]
root       152  0.0  0.0      0     0 ?        S    09:59   0:00 [scsi_eh_1]
root       153  0.0  0.0      0     0 ?        S<   09:59   0:00 [scsi_tmf_1]
root       157  0.0  0.0      0     0 ?        S<   09:59   0:00 [rtsx_pci_sdmmc_]
root       159  0.0  0.0      0     0 ?        S<   09:59   0:00 [kfd_process_wq]
root       160  0.0  0.0      0     0 ?        S<   09:59   0:00 [ttm_swap]
root       163  0.0  0.0      0     0 ?        S<   09:59   0:00 [bioset]
root       165  0.0  0.0      0     0 ?        S<   09:59   0:00 [bioset]
root       169  0.0  0.0      0     0 ?        S<   09:59   0:00 [kworker/1:1H]
root       171  0.0  0.0      0     0 ?        S<   09:59   0:00 [radeon-crtc]
root       172  0.0  0.0      0     0 ?        S<   09:59   0:00 [radeon-crtc]
root       194  0.0  0.0      0     0 ?        S<   09:59   0:00 [kworker/3:1H]
root       196  0.0  0.0      0     0 ?        S    09:59   0:00 [jbd2/sda6-8]
root       197  0.0  0.0      0     0 ?        S<   09:59   0:00 [ext4-rsv-conver]
root       227  0.0  0.0      0     0 ?        S    09:59   0:00 [kauditd]
root       229  0.0  0.0  35476  4608 ?        Ss   09:59   0:00 /lib/systemd/systemd-journald
root       251  0.0  0.0      0     0 ?        S<   09:59   0:00 [kworker/0:1H]
root       269  0.0  0.0  46256  5380 ?        Ss   09:59   0:01 /lib/systemd/systemd-udevd
root       281  0.0  0.0      0     0 ?        S<   09:59   0:00 [kworker/2:1H]
root       339  0.0  0.0      0     0 ?        S    09:59   0:00 [ccp-q1]
root       340  0.0  0.0      0     0 ?        S    09:59   0:00 [ccp-q2]
root       341  0.0  0.0      0     0 ?        S    09:59   0:00 [ccp-q3]
root       342  0.0  0.0      0     0 ?        S    09:59   0:00 [ccp-q4]
root       343  0.0  0.0      0     0 ?        S<   09:59   0:00 [kmemstick]
root       351  0.0  0.0      0     0 ?        S<   09:59   0:00 [edac-poller]
root       409  0.0  0.0      0     0 ?        S<   09:59   0:00 [cfg80211]
root       500  0.0  0.0      0     0 ?        S<   09:59   0:00 [kvm-irqfd-clean]
root       511  0.0  0.0      0     0 ?        S<   09:59   0:00 [kworker/u9:0]
root       512  0.0  0.0      0     0 ?        S<   09:59   0:00 [hci0]
root       513  0.0  0.0      0     0 ?        S<   09:59   0:00 [hci0]
root       514  0.0  0.0      0     0 ?        S<   09:59   0:00 [kworker/u9:1]
systemd+   656  0.0  0.0 102384  4516 ?        Ssl  10:00   0:00 /lib/systemd/systemd-timesyncd
root       730  0.0  0.1 298468  8424 ?        Ssl  10:00   0:00 /usr/lib/accountsservice/accounts-daemon
syslog     736  0.0  0.0 256396  5184 ?        Ssl  10:00   0:00 /usr/sbin/rsyslogd -n
root       739  0.0  0.0   4400  1276 ?        Ss   10:00   0:00 /usr/sbin/acpid
root       760  0.0  0.0  36076  3068 ?        Ss   10:00   0:00 /usr/sbin/cron -f
root       761  0.0  0.0  31956  4360 ?        Ss   10:00   0:00 /usr/lib/bluetooth/bluetoothd
whoopsie   768  0.0  0.1 378416 12628 ?        Ssl  10:00   0:00 /usr/bin/whoopsie -f
root       769  0.0  0.1 337512 10732 ?        Ssl  10:00   0:00 /usr/sbin/ModemManager
root       770  0.0  0.0  28636  3224 ?        Ss   10:00   0:00 /lib/systemd/systemd-logind
avahi      780  0.0  0.0  44912  3556 ?        Ss   10:00   0:00 avahi-daemon: running [Scarlett.local]
message+   784  0.0  0.0  44356  5284 ?        Ss   10:00   0:03 /usr/bin/dbus-daemon --system --address=systemd: --nofork --nopidfile --systemd-activation
avahi      809  0.0  0.0  44788   344 ?        S    10:00   0:00 avahi-daemon: chroot helper
root       851  0.0  0.2 610520 17904 ?        Ssl  10:00   0:04 /usr/sbin/NetworkManager --no-daemon
root       904  0.0  0.1 218716 13776 ?        Ssl  10:00   0:00 /usr/lib/snapd/snapd
root       927  0.0  0.1 292196  8136 ?        SLsl 10:00   0:00 /usr/sbin/lightdm
root       932  0.0  0.0  19600   268 ?        Ss   10:00   0:00 /usr/sbin/irqbalance --pid=/var/run/irqbalance.pid
root       933  0.0  0.1 304492 10704 ?        Ssl  10:00   0:00 /usr/lib/policykit-1/polkitd --no-debug
root       958  4.1  1.0 411368 75680 tty7     Ssl+ 10:00   5:06 /usr/lib/xorg/Xorg -core :0 -seat seat0 -auth /var/run/lightdm/root/:0 -nolisten tcp vt7 -novtswitch
root       986  0.0  0.0  44024  6660 ?        Ss   10:00   0:00 /sbin/wpa_supplicant -u -s -O /run/wpa_supplicant
nobody    1053  0.0  0.0  59936  4164 ?        S    10:00   0:00 /usr/sbin/dnsmasq --conf-file --no-hosts --keep-in-foreground --bind-interfaces --except-interface=lo --clear-on-reload --strict-order --listen-address=10.42.0.1 --dhcp-range=10.42.0.10,10.42.0.254,60m --dhcp-option=option:router,10.42.0.1 --dhcp-lease-max=50 --pid-file=/var/run/nm-dnsmasq-enp1s0f1.pid --conf-dir=/etc/NetworkManager/dnsmasq-shared.d
root      1199  0.0  0.1 230300  8500 ?        Sl   10:00   0:00 lightdm --session-child 12 19
root      1215  0.0  0.0  23008  1924 tty1     Ss+  10:00   0:00 /sbin/agetty --noclear tty1 linux
rtkit     1343  0.0  0.0 183544  3044 ?        SNsl 10:00   0:00 /usr/lib/rtkit/rtkit-daemon
root      1349  0.0  0.1 354668 10676 ?        Ssl  10:00   0:00 /usr/lib/upower/upowerd
root      1453  0.0  0.0      0     0 ?        S<   10:00   0:00 [krfcommd]
colord    1476  0.0  0.2 320700 14940 ?        Ssl  10:00   0:00 /usr/lib/colord/colord
root      1481  0.0  0.0  65408  4544 ?        Ss   10:00   0:00 /usr/lib/postfix/sbin/master
root      1794  0.0  0.1 274820  9500 ?        Ssl  10:05   0:00 /usr/sbin/cups-browsed
muchoab+  2041  0.0  0.0  45380  5152 ?        Ss   10:51   0:00 /lib/systemd/systemd --user
muchoab+  2054  0.0  0.0 145228  1984 ?        S    10:51   0:00 (sd-pam)
muchoab+  2111  0.0  0.0 212892  6668 ?        SLl  10:51   0:01 /usr/bin/gnome-keyring-daemon --daemonize --login
muchoab+  2117  0.0  0.0  53544  5048 ?        Ss   10:51   0:00 /sbin/upstart --user
muchoab+  2197  0.0  0.0  39928  2264 ?        S    10:51   0:00 upstart-udev-bridge --daemon --user
muchoab+  2205  0.0  0.0  44076  4480 ?        Ss   10:51   0:03 dbus-daemon --fork --session --address=unix:abstract=/tmp/dbus-k747zCkq59
muchoab+  2217  0.0  0.1  93420 10176 ?        Ss   10:51   0:00 /usr/lib/x86_64-linux-gnu/hud/window-stack-bridge
muchoab+  2259  0.3  0.1 367920 13512 ?        Ssl  10:51   0:15 /usr/bin/ibus-daemon --daemonize --xim
muchoab+  2272  0.0  0.0 173608   664 ?        Ss   10:51   0:00 gpg-agent --homedir /home/muchoabarca/.gnupg --use-standard-socket --daemon
muchoab+  2276  0.0  0.0  39864   352 ?        S    10:51   0:00 upstart-dbus-bridge --daemon --system --user --bus-name system
muchoab+  2280  0.0  0.0 281596  6608 ?        Sl   10:51   0:00 /usr/lib/gvfs/gvfsd
muchoab+  2282  0.0  0.0  39944  1776 ?        S    10:51   0:00 upstart-dbus-bridge --daemon --session --user --bus-name session
muchoab+  2287  0.0  0.1 419960  7252 ?        Sl   10:51   0:00 /usr/lib/gvfs/gvfsd-fuse /run/user/1000/gvfs -f -o big_writes
muchoab+  2297  0.0  0.0  48488  1776 ?        S    10:51   0:00 upstart-file-bridge --daemon --user
muchoab+  2300  0.0  0.1 284560  7888 ?        Sl   10:51   0:00 /usr/lib/ibus/ibus-dconf
muchoab+  2301  0.1  0.4 480376 31216 ?        Sl   10:51   0:08 /usr/lib/ibus/ibus-ui-gtk3
muchoab+  2303  0.0  0.3 429856 22056 ?        Sl   10:51   0:01 /usr/lib/ibus/ibus-x11 --kill-daemon
muchoab+  2312  0.0  0.1 353700  7988 ?        Sl   10:51   0:00 /usr/lib/at-spi2-core/at-spi-bus-launcher
muchoab+  2324  0.0  0.4 527344 28844 ?        Ssl  10:51   0:03 /usr/lib/x86_64-linux-gnu/bamf/bamfdaemon
muchoab+  2327  0.0  0.0  43024  4148 ?        S    10:51   0:00 /usr/bin/dbus-daemon --config-file=/etc/at-spi2/accessibility.conf --nofork --print-address 3
muchoab+  2329  0.0  0.0 206888  6452 ?        Sl   10:51   0:01 /usr/lib/at-spi2-core/at-spi2-registryd --use-gnome-session
muchoab+  2352  0.0  0.1 208688  7460 ?        Sl   10:51   0:02 /usr/lib/ibus/ibus-engine-simple
muchoab+  2407  0.0  0.6 726532 45056 ?        Ssl  10:51   0:02 /usr/lib/x86_64-linux-gnu/hud/hud-service
muchoab+  2409  0.0  0.4 929968 31976 ?        Ssl  10:51   0:00 /usr/lib/unity-settings-daemon/unity-settings-daemon
root      2410  0.0  0.0  16128  3752 ?        S    10:51   0:00 /sbin/dhclient -d -q -sf /usr/lib/NetworkManager/nm-dhcp-helper -pf /var/run/dhclient-wlp2s0.pid -lf /var/lib/NetworkManager/dhclient-6dfe3ebe-09da-4d3a-8c22-80fb6a70b2ac-wlp2s0.lease -cf /var/lib/NetworkManager/dhclient-wlp2s0.conf wlp2s0
muchoab+  2419  0.0  0.2 635556 16980 ?        Ssl  10:51   0:00 /usr/lib/gnome-session/gnome-session-binary --session=ubuntu
muchoab+  2425  0.1  0.5 641724 36148 ?        Ssl  10:51   0:05 /usr/lib/x86_64-linux-gnu/unity/unity-panel-service
muchoab+  2442  0.0  0.1 450920 11528 ?        Ssl  10:51   0:00 /usr/lib/x86_64-linux-gnu/indicator-messages/indicator-messages-service
muchoab+  2443  0.0  0.1 356260  8000 ?        Ssl  10:51   0:00 /usr/lib/x86_64-linux-gnu/indicator-bluetooth/indicator-bluetooth-service
muchoab+  2444  0.0  0.1 368540 12004 ?        Ssl  10:51   0:00 /usr/lib/x86_64-linux-gnu/indicator-power/indicator-power-service
muchoab+  2451  0.0  0.3 1116496 21936 ?       Ssl  10:51   0:00 /usr/lib/x86_64-linux-gnu/indicator-datetime/indicator-datetime-service
muchoab+  2452  0.0  0.3 659468 26552 ?        Ssl  10:51   0:00 /usr/lib/x86_64-linux-gnu/indicator-keyboard/indicator-keyboard-service --use-gtk
muchoab+  2453  0.0  0.1 757064 12944 ?        Ssl  10:51   0:00 /usr/lib/x86_64-linux-gnu/indicator-sound/indicator-sound-service
muchoab+  2456  0.0  0.3 549700 25464 ?        Ssl  10:51   0:00 /usr/lib/x86_64-linux-gnu/indicator-printers/indicator-printers-service
muchoab+  2457  0.0  0.1 643396 10688 ?        Ssl  10:51   0:00 /usr/lib/x86_64-linux-gnu/indicator-session/indicator-session-service
muchoab+  2480  0.0  0.1 395940 12576 ?        Ssl  10:51   0:00 /usr/lib/x86_64-linux-gnu/indicator-application/indicator-application-service
muchoab+  2481  0.0  0.3 1113948 23680 ?       Sl   10:51   0:00 /usr/lib/evolution/evolution-source-registry
muchoab+  2506  0.0  0.0 178792  4828 ?        Sl   10:51   0:00 /usr/lib/dconf/dconf-service
muchoab+  2512  0.0  0.1 516076 12472 ?        S<l  10:51   0:01 /usr/bin/pulseaudio --start --log-target=syslog
muchoab+  2520  0.0  0.0  22504  2684 ?        S    10:51   0:00 syndaemon -i 1.0 -t -K -R
muchoab+  2564  0.0  0.4 489320 31140 ?        Sl   10:51   0:00 /usr/lib/x86_64-linux-gnu/notify-osd
muchoab+  2579  0.0  0.2 431504 19932 ?        Sl   10:51   0:00 /usr/lib/policykit-1-gnome/polkit-gnome-authentication-agent-1
muchoab+  2582  0.1  0.4 739568 35228 ?        Sl   10:51   0:04 nm-applet
muchoab+  2583  0.0  0.6 672180 47260 ?        Sl   10:51   0:02 /usr/bin/python3 /usr/bin/indicator-stickynotes
muchoab+  2587  0.0  0.2 511196 21280 ?        Sl   10:51   0:00 /usr/lib/unity-settings-daemon/unity-fallback-mount-helper
muchoab+  2589  0.1  1.6 1322280 117892 ?      Sl   10:51   0:07 /usr/bin/gnome-software --gapplication-service
muchoab+  2599  0.2  0.8 1046172 58852 ?       Sl   10:51   0:08 nautilus -n
muchoab+  2607  0.0  0.1 303448 10044 ?        Sl   10:51   0:00 /usr/lib/gvfs/gvfs-udisks2-volume-monitor
root      2612  0.0  0.1 448892 10948 ?        Ssl  10:51   0:00 /usr/lib/udisks2/udisksd --no-debug
nobody    2619  0.0  0.0  59936  4328 ?        S    10:51   0:00 /usr/sbin/dnsmasq --no-resolv --keep-in-foreground --no-hosts --bind-interfaces --pid-file=/var/run/NetworkManager/dnsmasq.pid --listen-address=127.0.1.1 --cache-size=0 --conf-file=/dev/null --proxy-dnssec --enable-dbus=org.freedesktop.NetworkManager.dnsmasq --conf-dir=/etc/NetworkManager/dnsmasq.d
muchoab+  2660  4.7  2.1 1618344 151500 ?      Ssl  10:51   3:22 compiz
muchoab+  2663  0.0  0.8 869396 59840 ?        Sl   10:51   0:00 /usr/lib/evolution/evolution-calendar-factory
muchoab+  2670  0.0  0.1 266712  7280 ?        Sl   10:51   0:00 /usr/lib/gvfs/gvfs-mtp-volume-monitor
muchoab+  2675  0.0  0.0 278908  5768 ?        Sl   10:51   0:00 /usr/lib/gvfs/gvfs-gphoto2-volume-monitor
muchoab+  2685  0.0  0.0 264608  6464 ?        Sl   10:51   0:00 /usr/lib/gvfs/gvfs-goa-volume-monitor
muchoab+  2690  0.0  0.1 410672  9040 ?        Sl   10:51   0:00 /usr/lib/gvfs/gvfs-afc-volume-monitor
postfix   2737  0.0  0.0  67524  4544 ?        S    10:51   0:00 qmgr -l -t unix -u
root      2743  0.0  0.5 635304 35944 ?        Sl   10:51   0:01 /usr/lib/x86_64-linux-gnu/fwupd/fwupd
muchoab+  2868  0.0  0.1 372072 10192 ?        Sl   10:51   0:00 /usr/lib/gvfs/gvfsd-trash --spawner :1.4 /org/gtk/gvfs/exec_spaw/0
muchoab+  2879  0.0  0.7 829532 55032 ?        Sl   10:51   0:00 /usr/lib/evolution/evolution-calendar-factory-subprocess --factory contacts --bus-name org.gnome.evolution.dataserver.Subprocess.Backend.Calendarx2663x2 --own-path /org/gnome/evolution/dataserver/Subprocess/Backend/Calendar/2663/2
muchoab+  2891  0.0  0.2 704408 19620 ?        Sl   10:51   0:00 /usr/lib/evolution/evolution-addressbook-factory
muchoab+  2893  0.0  0.7 879444 54684 ?        Sl   10:51   0:00 /usr/lib/evolution/evolution-calendar-factory-subprocess --factory local --bus-name org.gnome.evolution.dataserver.Subprocess.Backend.Calendarx2663x3 --own-path /org/gnome/evolution/dataserver/Subprocess/Backend/Calendar/2663/3
muchoab+  2913  0.0  0.3 779884 23480 ?        Sl   10:51   0:00 /usr/lib/evolution/evolution-addressbook-factory-subprocess --factory local --bus-name org.gnome.evolution.dataserver.Subprocess.Backend.AddressBookx2891x2 --own-path /org/gnome/evolution/dataserver/Subprocess/Backend/AddressBook/2891/2
muchoab+  3374  0.0  0.0 193228  5924 ?        Sl   10:52   0:00 /usr/lib/gvfs/gvfsd-metadata
muchoab+  3385  0.0  0.2 581712 18352 ?        Sl   10:52   0:00 zeitgeist-datahub
muchoab+  3392  0.0  0.0   4508   792 ?        S    10:52   0:00 /bin/sh -c /usr/lib/x86_64-linux-gnu/zeitgeist/zeitgeist-maybe-vacuum; /usr/bin/zeitgeist-daemon
muchoab+  3396  0.0  0.1 423660 11148 ?        Sl   10:52   0:00 /usr/bin/zeitgeist-daemon
muchoab+  3403  0.0  0.2 322620 18932 ?        Sl   10:52   0:00 /usr/lib/x86_64-linux-gnu/zeitgeist-fts
muchoab+  3518  0.0  0.3 526356 25996 ?        Sl   10:52   0:00 update-notifier
postfix   3529  0.0  0.0  67476  4516 ?        S    10:52   0:00 pickup -l -t unix -u -c
muchoab+  3590  0.0  0.0  68372  5340 ?        S    10:53   0:00 /usr/lib/x86_64-linux-gnu/gconf/gconfd-2
muchoab+  3761  0.0  0.1 448376  8908 ?        Sl   10:53   0:00 /usr/lib/x86_64-linux-gnu/deja-dup/deja-dup-monitor
muchoab+  4532  0.0  0.2 654256 20284 ?        Sl   11:09   0:00 /usr/lib/x86_64-linux-gnu/unity-scope-home/unity-scope-home
muchoab+  4543  0.0  0.3 657208 23260 ?        Sl   11:09   0:00 /usr/bin/unity-scope-loader applications/applications.scope applications/scopes.scope commands.scope
muchoab+  4545  0.0  0.2 588684 16228 ?        Sl   11:09   0:00 /usr/lib/x86_64-linux-gnu/unity-lens-files/unity-files-daemon
muchoab+  4621 10.1  3.2 1500444 231868 ?      SLl  11:09   5:28 /opt/google/chrome/chrome
muchoab+  4628  0.0  0.0  14516   788 ?        S    11:09   0:00 cat
muchoab+  4629  0.0  0.0  14516   672 ?        S    11:09   0:00 cat
muchoab+  4633  0.0  0.6 367880 49408 ?        S    11:09   0:00 /opt/google/chrome/chrome --type=zygote
muchoab+  4635  0.0  0.0  27180  4788 ?        S    11:09   0:00 /opt/google/chrome/nacl_helper
muchoab+  4638  0.0  0.1 367880 11076 ?        S    11:09   0:00 /opt/google/chrome/chrome --type=zygote
muchoab+  4693  4.9  1.7 559156 121088 ?       Sl   11:09   2:39 /opt/google/chrome/chrome --type=gpu-process --channel=4621.0.1801053577 --mojo-application-channel-token=EE8727B7C81CA2A42CD5F3D22E6FF5CE --enable-features=MaterialDesignUserManager<MaterialDesignUserManager,*PreconnectMore<PreconnectMore,*TranslateUI2016Q2<TranslateUI2016Q2,UsePasswordSeparatedSigninFlow<PasswordSeparatedSigninFlow --disable-features=BlockSmallPluginContent<PluginPowerSaverTiny,DocumentWriteEvaluator<DisallowFetchForDocWrittenScriptsInMainFrame --force-fieldtri erTriggering/site-engagement-eager/CaptivePortalInterstitial/Enabled/ChildAccountDetection/Disabled/*ClientSideDetectionModel/Model0/DisallowFetchForDocWrittenScriptsInMainFrame/Default/*EnableMediaRouter/Enabled/ExtensionDeveloperModeWarning/Default/*GFE/Default/GoogleBrandedContextMenu/default/InstanceID/Enabled/MaterialDesignDownloads/Enabled/MaterialDesignUserManager/Enabled/OmniboxBundledExperimentV1/StandardR7/PasswordBranding/Disabled/*PasswordGeneration/Disabled/PasswordManagerSettingsMigration/Enable/PasswordSeparatedSigninFlow/Enabled/PasswordSmartBubble/3-Times/PluginPowerSaverTiny/Control/PreconnectMore/Default/*QUIC/EnabledNoId/ReportCertificateErrors/ShowAndPossiblySend/SHA1IdentityUIWarning/Enabled/SHA1ToolbarUIJanuary2016/Warning/SHA1ToolbarUIJanuary2017/Error/SSLCommonNameMismatchHandling/Enabled/*SafeBrowsingIncidentReportingService/Default/SafeBrowsingUnverifiedDownloads/DisableByParameterMostSbTypes2/SafeBrowsingUpdateFrequency/Default/SignInPasswordPromo/Default/SyncHttpContentCompression/Enabled/TranslateUI2016Q2/DefaultTranslateUI2016Q2/*UMA-Population-Restrict/normal/*UMA-Uniformity-Trial-1-Percent/group_35/*UMA-Uniformity-Trial-10-Percent/default/*UMA-Uniformity-Trial-100-Percent/group_01/*UMA-Uniformity-Trial-20-Percent/default/*UMA-Uniformity-Trial-5-Percent/group_12/*UMA-Uniformity-Trial-50-Percent/group_01/WebBluetoothBlacklist/BlacklistUpdate1/ --window-depth=24 --x11-visual-id=33 --supports-dual-gpus=false --gpu-driver-bug-workarounds=5,6,18,23,33,39,52,56 --gpu-vendor-id=0x1002 --gpu-device-id=0x9851 --gpu-driver-vendor=Mesa --gpu-driver-version=11.2.0 --gpu-driver-date --v8-natives-passed-by-fd --v8-snapshot-passed-by-fd
muchoab+  4741  1.1  2.5 967780 183052 ?       Sl   11:09   0:38 /opt/google/chrome/chrome --type=renderer --enable-features=MaterialDesignUserManager<MaterialDesignUserManager,*PreconnectMore<PreconnectMore,*TranslateUI2016Q2<TranslateUI2016Q2,UsePasswordSeparatedSigninFlow<PasswordSeparatedSigninFlow --disable-features=BlockSmallPluginContent<PluginPowerSaverTiny,DocumentWriteEvaluator<DisallowFetchForDocWrittenScriptsInMainFrame --force-fieldtrials=*AppBannerTriggering/site-engagement-eager/CaptivePortalInterstitial/Enabled/*ChildAccountDetection/Disabled/*ClientSideDetectionModel/Model0/*DisallowFetchForDocWrittenScriptsInMainFrame/Default/*EnableMediaRouter/Enabled/ExtensionDeveloperModeWarning/Default/*GFE/Default/GoogleBrandedContextMenu/default/InstanceID/Enabled/MaterialDesignDownloads/Enabled/MaterialDesignUserManager/Enabled/*OmniboxBundledExperimentV1/StandardR7/PasswordBranding/Disabled/*PasswordGeneration/Disabled/*PasswordManagerSettingsMigration/Enable/PasswordSeparatedSigninFlow/Enabled/PasswordSmartBubble/3-Times/PluginPowerSaverTiny/Control/PreconnectMore/Default/*QUIC/EnabledNoId/ReportCertificateErrors/ShowAndPossiblySend/SHA1IdentityUIWarning/Enabled/SHA1ToolbarUIJanuary2016/Warning/SHA1ToolbarUIJanuary2017/Error/SSLCommonNameMismatchHandling/Enabled/*SafeBrowsingIncidentReportingService/Default/SafeBrowsingUnverifiedDownloads/DisableByParameterMostSbTypes2/SafeBrowsingUpdateFrequency/Default/SignInPasswordPromo/Default/SyncHttpContentCompression/Enabled/TranslateUI2016Q2/DefaultTranslateUI2016Q2/*UMA-Population-Restrict/normal/*UMA-Uniformity-Trial-1-Percent/group_35/*UMA-Uniformity-Trial-10-Percent/default/*UMA-Uniformity-Trial-100-Percent/group_01/*UMA-Uniformity-Trial-20-Percent/default/*UMA-Uniformity-Trial-5-Percent/group_12/*UMA-Uniformity-Trial-50-Percent/group_01/WebBluetoothBlacklist/BlacklistUpdate1/ --primordial-pipe-token=4BE3523CDC271E24D44CA12DCA20EF4A --lang=en-US --extension-process --enable-webrtc-hw-h264-encoding --enable-offline-auto-reload --enable-offline-auto-reload-visible-only --enable-pinch --num-raster-threads=2 --content-image-texture-target=3553,3553,3553,3553,3553,3553,3553,3553,3553,3553,3553,3553,3553,3553,3553 --video-image-texture-target=3553,3553,3553,3553,3553,3553,3553,3553,3553,3553,3553,3553,3553,3553,3553 --disable-accelerated-video-decode --mojo-channel-token=7546030AC4A0FC1094B5891828B0866E --mojo-application-channel-token=4BE3523CDC271E24D44CA12DCA20EF4A --channel=4621.3.779720158 --v8-natives-passed-by-fd --v8-snapshot-passed-
muchoab+  4748  0.0  0.9 732928 65324 ?        Sl   11:09   0:00 /opt/google/chrome/chrome --type=renderer --enable-features=MaterialDesignUserManager<MaterialDesignUserManager,*PreconnectMore<PreconnectMore,*TranslateUI2016Q2<TranslateUI2016Q2,UsePasswordSeparatedSigninFlow<PasswordSeparatedSigninFlow --disable-features=BlockSmallPluginContent<PluginPowerSaverTiny,DocumentWriteEvaluator<DisallowFetchForDocWrittenScriptsInMainFrame --force-fieldtrials=*AppBannerTriggering/site-engagement-eager/CaptivePortalInterstitial/Enabled/*ChildAccountDetection/Disabled/*ClientSideDetectionModel/Model0/*DisallowFetchForDocWrittenScriptsInMainFrame/Default/*EnableMediaRouter/Enabled/*ExtensionDeveloperModeWarning/Default/*GFE/Default/GoogleBrandedContextMenu/default/InstanceID/Enabled/MaterialDesignDownloads/Enabled/MaterialDesignUserManager/Enabled/*OmniboxBundledExperimentV1/StandardR7/PasswordBranding/Disabled/*PasswordGeneration/Disabled/*PasswordManagerSettingsMigration/Enable/PasswordSeparatedSigninFlow/Enabled/PasswordSmartBubble/3-Times/PluginPowerSaverTiny/Control/PreconnectMore/Default/*QUIC/EnabledNoId/ReportCertificateErrors/ShowAndPossiblySend/SHA1IdentityUIWarning/Enabled/SHA1ToolbarUIJanuary2016/Warning/SHA1ToolbarUIJanuary2017/Error/SSLCommonNameMismatchHandling/Enabled/*SafeBrowsingIncidentReportingService/Default/SafeBrowsingUnverifiedDownloads/DisableByParameterMostSbTypes2/SafeBrowsingUpdateFrequency/Default/SignInPasswordPromo/Default/SyncHttpContentCompression/Enabled/TranslateUI2016Q2/DefaultTranslateUI2016Q2/*UMA-Population-Restrict/normal/*UMA-Uniformity-Trial-1-Percent/group_35/*UMA-Uniformity-Trial-10-Percent/default/*UMA-Uniformity-Trial-100-Percent/group_01/*UMA-Uniformity-Trial-20-Percent/default/*UMA-Uniformity-Trial-5-Percent/group_12/*UMA-Uniformity-Trial-50-Percent/group_01/WebBluetoothBlacklist/BlacklistUpdate1/ --primordial-pipe-token=2B20825AB79B2BE31C2CF1C9602CFEE4 --lang=en-US --extension-process --enable-webrtc-hw-h264-encoding --enable-offline-auto-reload --enable-offline-auto-reload-visible-only --enable-pinch --num-raster-threads=2 --content-image-texture-target=3553,3553,3553,3553,3553,3553,3553,3553,3553,3553,3553,3553,3553,3553,3553 --video-image-texture-target=3553,3553,3553,3553,3553,3553,3553,3553,3553,3553,3553,3553,3553,3553,3553 --disable-accelerated-video-decode --mojo-channel-token=11641B496FC931F6D6A8C0646EFFEE7C --mojo-application-channel-token=2B20825AB79B2BE31C2CF1C9602CFEE4 --channel=4621.4.978531041 --v8-natives-passed-by-fd --v8-snapshot-passed
muchoab+  4803  2.6  6.5 1246100 465540 ?      Sl   11:10   1:24 /opt/google/chrome/chrome --type=renderer --enable-features=MaterialDesignUserManager<MaterialDesignUserManager,*PreconnectMore<PreconnectMore,*TranslateUI2016Q2<TranslateUI2016Q2,UsePasswordSeparatedSigninFlow<PasswordSeparatedSigninFlow --disable-features=BlockSmallPluginContent<PluginPowerSaverTiny,DocumentWriteEvaluator<DisallowFetchForDocWrittenScriptsInMainFrame --force-fieldtrials=*AppBannerTriggering/site-engagement-eager/CaptivePortalInterstitial/Enabled/*ChildAccountDetection/Disabled/*ClientSideDetectionModel/Model0/*DisallowFetchForDocWrittenScriptsInMainFrame/Default/*EnableMediaRouter/Enabled/*ExtensionDeveloperModeWarning/Default/*GFE/Default/GoogleBrandedContextMenu/default/InstanceID/Enabled/MaterialDesignDownloads/Enabled/MaterialDesignUserManager/Enabled/*OmniboxBundledExperimentV1/StandardR7/PasswordBranding/Disabled/*PasswordGeneration/Disabled/*PasswordManagerSettingsMigration/Enable/PasswordSeparatedSigninFlow/Enabled/PasswordSmartBubble/3-Times/PluginPowerSaverTiny/Control/*PreconnectMore/Default/*QUIC/EnabledNoId/ReportCertificateErrors/ShowAndPossiblySend/SHA1IdentityUIWarning/Enabled/SHA1ToolbarUIJanuary2016/Warning/SHA1ToolbarUIJanuary2017/Error/SSLCommonNameMismatchHandling/Enabled/*SafeBrowsingIncidentReportingService/Default/SafeBrowsingUnverifiedDownloads/DisableByParameterMostSbTypes2/SafeBrowsingUpdateFrequency/Default/SignInPasswordPromo/Default/SyncHttpContentCompression/Enabled/TranslateUI2016Q2/DefaultTranslateUI2016Q2/*UMA-Population-Restrict/normal/*UMA-Uniformity-Trial-1-Percent/group_35/*UMA-Uniformity-Trial-10-Percent/default/*UMA-Uniformity-Trial-100-Percent/group_01/*UMA-Uniformity-Trial-20-Percent/default/*UMA-Uniformity-Trial-5-Percent/group_12/*UMA-Uniformity-Trial-50-Percent/group_01/WebBluetoothBlacklist/BlacklistUpdate1/ --primordial-pipe-token=4F78996CD748C041D2F00CBA336A0162 --lang=en-US --enable-offline-auto-reload --enable-offline-auto-reload-visible-only --enable-pinch --num-raster-threads=2 --content-image-texture-target=3553,3553,3553,3553,3553,3553,3553,3553,3553,3553,3553,3553,3553,3553,3553 --video-image-texture-target=3553,3553,3553,3553,3553,3553,3553,3553,3553,3553,3553,3553,3553,3553,3553 --disable-accelerated-video-decode --mojo-channel-token=AA4822DDFF18B4C75175A65B8B661444 --mojo-application-channel-token=4F78996CD748C041D2F00CBA336A0162 --channel=4621.6.1218965462 --v8-natives-passed-by-fd --v8-snapshot-passed-by-fd
muchoab+  4868  8.4  9.3 1830648 662168 ?      Sl   11:11   4:26 /opt/google/chrome/chrome --type=renderer --enable-features=MaterialDesignUserManager<MaterialDesignUserManager,*PreconnectMore<PreconnectMore,*TranslateUI2016Q2<TranslateUI2016Q2,UsePasswordSeparatedSigninFlow<PasswordSeparatedSigninFlow --disable-features=BlockSmallPluginContent<PluginPowerSaverTiny,DocumentWriteEvaluator<DisallowFetchForDocWrittenScriptsInMainFrame --force-fieldtrials=*AppBannerTriggering/site-engagement-eager/CaptivePortalInterstitial/Enabled/*ChildAccountDetection/Disabled/*ClientSideDetectionModel/Model0/*DisallowFetchForDocWrittenScriptsInMainFrame/Default/*EnableMediaRouter/Enabled/*ExtensionDeveloperModeWarning/Default/*GFE/Default/GoogleBrandedContextMenu/default/InstanceID/Enabled/MaterialDesignDownloads/Enabled/MaterialDesignUserManager/Enabled/*OmniboxBundledExperimentV1/StandardR7/PasswordBranding/Disabled/*PasswordGeneration/Disabled/*PasswordManagerSettingsMigration/Enable/PasswordSeparatedSigninFlow/Enabled/PasswordSmartBubble/3-Times/*PluginPowerSaverTiny/Control/*PreconnectMore/Default/*QUIC/EnabledNoId/ReportCertificateErrors/ShowAndPossiblySend/SHA1IdentityUIWarning/Enabled/SHA1ToolbarUIJanuary2016/Warning/SHA1ToolbarUIJanuary2017/Error/SSLCommonNameMismatchHandling/Enabled/*SafeBrowsingIncidentReportingService/Default/SafeBrowsingUnverifiedDownloads/DisableByParameterMostSbTypes2/SafeBrowsingUpdateFrequency/Default/SignInPasswordPromo/Default/SyncHttpContentCompression/Enabled/TranslateUI2016Q2/DefaultTranslateUI2016Q2/*UMA-Population-Restrict/normal/*UMA-Uniformity-Trial-1-Percent/group_35/*UMA-Uniformity-Trial-10-Percent/default/*UMA-Uniformity-Trial-100-Percent/group_01/*UMA-Uniformity-Trial-20-Percent/default/*UMA-Uniformity-Trial-5-Percent/group_12/*UMA-Uniformity-Trial-50-Percent/group_01/WebBluetoothBlacklist/BlacklistUpdate1/ --primordial-pipe-token=92D97B870697BA34363824FB7B4AC1CB --lang=en-US --enable-offline-auto-reload --enable-offline-auto-reload-visible-only --enable-pinch --num-raster-threads=2 --content-image-texture-target=3553,3553,3553,3553,3553,3553,3553,3553,3553,3553,3553,3553,3553,3553,3553 --video-image-texture-target=3553,3553,3553,3553,3553,3553,3553,3553,3553,3553,3553,3553,3553,3553,3553 --disable-accelerated-video-decode --mojo-channel-token=69A2BE6A9F6F367BED37D832136F7E29 --mojo-application-channel-token=92D97B870697BA34363824FB7B4AC1CB --channel=4621.8.1177079787 --v8-natives-passed-by-fd --v8-snapshot-passed-by-fd
muchoab+  4923  1.4  5.3 1213384 377624 ?      Sl   11:12   0:43 /opt/google/chrome/chrome --type=renderer --enable-features=MaterialDesignUserManager<MaterialDesignUserManager,*PreconnectMore<PreconnectMore,*TranslateUI2016Q2<TranslateUI2016Q2,UsePasswordSeparatedSigninFlow<PasswordSeparatedSigninFlow --disable-features=BlockSmallPluginContent<PluginPowerSaverTiny,DocumentWriteEvaluator<DisallowFetchForDocWrittenScriptsInMainFrame --force-fieldtrials=*AppBannerTriggering/site-engagement-eager/CaptivePortalInterstitial/Enabled/*ChildAccountDetection/Disabled/*ClientSideDetectionModel/Model0/*DisallowFetchForDocWrittenScriptsInMainFrame/Default/*EnableMediaRouter/Enabled/*ExtensionDeveloperModeWarning/Default/*GFE/Default/GoogleBrandedContextMenu/default/InstanceID/Enabled/MaterialDesignDownloads/Enabled/MaterialDesignUserManager/Enabled/*OmniboxBundledExperimentV1/StandardR7/PasswordBranding/Disabled/*PasswordGeneration/Disabled/*PasswordManagerSettingsMigration/Enable/PasswordSeparatedSigninFlow/Enabled/PasswordSmartBubble/3-Times/*PluginPowerSaverTiny/Control/*PreconnectMore/Default/*QUIC/EnabledNoId/ReportCertificateErrors/ShowAndPossiblySend/SHA1IdentityUIWarning/Enabled/SHA1ToolbarUIJanuary2016/Warning/SHA1ToolbarUIJanuary2017/Error/SSLCommonNameMismatchHandling/Enabled/*SafeBrowsingIncidentReportingService/Default/SafeBrowsingUnverifiedDownloads/DisableByParameterMostSbTypes2/SafeBrowsingUpdateFrequency/Default/SignInPasswordPromo/Default/SyncHttpContentCompression/Enabled/TranslateUI2016Q2/DefaultTranslateUI2016Q2/*UMA-Population-Restrict/normal/*UMA-Uniformity-Trial-1-Percent/group_35/*UMA-Uniformity-Trial-10-Percent/default/*UMA-Uniformity-Trial-100-Percent/group_01/*UMA-Uniformity-Trial-20-Percent/default/*UMA-Uniformity-Trial-5-Percent/group_12/*UMA-Uniformity-Trial-50-Percent/group_01/WebBluetoothBlacklist/BlacklistUpdate1/ --primordial-pipe-token=17695613E82619ABD108E54FD4BD8790 --lang=en-US --enable-offline-auto-reload --enable-offline-auto-reload-visible-only --enable-pinch --num-raster-threads=2 --content-image-texture-target=3553,3553,3553,3553,3553,3553,3553,3553,3553,3553,3553,3553,3553,3553,3553 --video-image-texture-target=3553,3553,3553,3553,3553,3553,3553,3553,3553,3553,3553,3553,3553,3553,3553 --disable-accelerated-video-decode --mojo-channel-token=F2EB2CD974D3ADB7240846C1566DD819 --mojo-application-channel-token=17695613E82619ABD108E54FD4BD8790 --channel=4621.10.518210429 --v8-natives-passed-by-fd --v8-snapshot-passed-by-fd
muchoab+  4950  0.2  0.8 531256 57212 ?        Sl   11:13   0:06 /opt/google/chrome/chrome --type=ppapi --mojo-channel-token=4B365354BB4C4C1EB02D9AF8329D20BF --ppapi-flash-args --lang=en-US --v8-natives-passed-by-fd --v8-snapshot-passed-by-fd
muchoab+  5030  7.8  2.8 1052072 198964 ?      Sl   11:14   3:49 /opt/google/chrome/chrome --type=renderer --enable-features=MaterialDesignUserManager<MaterialDesignUserManager,*PreconnectMore<PreconnectMore,*TranslateUI2016Q2<TranslateUI2016Q2,UsePasswordSeparatedSigninFlow<PasswordSeparatedSigninFlow --disable-features=BlockSmallPluginContent<PluginPowerSaverTiny,DocumentWriteEvaluator<DisallowFetchForDocWrittenScriptsInMainFrame --force-fieldtrials=*AppBannerTriggering/site-engagement-eager/CaptivePortalInterstitial/Enabled/*ChildAccountDetection/Disabled/*ClientSideDetectionModel/Model0/*DisallowFetchForDocWrittenScriptsInMainFrame/Default/*EnableMediaRouter/Enabled/*ExtensionDeveloperModeWarning/Default/*GFE/Default/GoogleBrandedContextMenu/default/InstanceID/Enabled/MaterialDesignDownloads/Enabled/MaterialDesignUserManager/Enabled/*OmniboxBundledExperimentV1/StandardR7/PasswordBranding/Disabled/*PasswordGeneration/Disabled/*PasswordManagerSettingsMigration/Enable/PasswordSeparatedSigninFlow/Enabled/PasswordSmartBubble/3-Times/*PluginPowerSaverTiny/Control/*PreconnectMore/Default/*QUIC/EnabledNoId/ReportCertificateErrors/ShowAndPossiblySend/SHA1IdentityUIWarning/Enabled/SHA1ToolbarUIJanuary2016/Warning/SHA1ToolbarUIJanuary2017/Error/SSLCommonNameMismatchHandling/Enabled/*SafeBrowsingIncidentReportingService/Default/SafeBrowsingUnverifiedDownloads/DisableByParameterMostSbTypes2/*SafeBrowsingUpdateFrequency/Default/SignInPasswordPromo/Default/SyncHttpContentCompression/Enabled/TranslateUI2016Q2/DefaultTranslateUI2016Q2/*UMA-Population-Restrict/normal/*UMA-Uniformity-Trial-1-Percent/group_35/*UMA-Uniformity-Trial-10-Percent/default/*UMA-Uniformity-Trial-100-Percent/group_01/*UMA-Uniformity-Trial-20-Percent/default/*UMA-Uniformity-Trial-5-Percent/group_12/*UMA-Uniformity-Trial-50-Percent/group_01/WebBluetoothBlacklist/BlacklistUpdate1/ --primordial-pipe-token=5BC7589B9C74FFA5872EAD4FDADAEDF8 --lang=en-US --enable-offline-auto-reload --enable-offline-auto-reload-visible-only --enable-pinch --num-raster-threads=2 --content-image-texture-target=3553,3553,3553,3553,3553,3553,3553,3553,3553,3553,3553,3553,3553,3553,3553 --video-image-texture-target=3553,3553,3553,3553,3553,3553,3553,3553,3553,3553,3553,3553,3553,3553,3553 --disable-accelerated-video-decode --mojo-channel-token=DFC15044700DB246F215DA4998E0735D --mojo-application-channel-token=5BC7589B9C74FFA5872EAD4FDADAEDF8 --channel=4621.12.1514417715 --v8-natives-passed-by-fd --v8-snapshot-passed-by-fd
root      5252  0.1  0.0      0     0 ?        S    11:28   0:03 [kworker/3:1]
root      5333  0.0  0.0      0     0 ?        S    11:35   0:01 [kworker/2:0]
root      5347  0.1  0.0      0     0 ?        S    11:36   0:01 [kworker/1:0]
muchoab+  5380  0.0  0.1 444920  8468 ?        Sl   11:39   0:00 /usr/lib/gvfs/gvfsd-network --spawner :1.4 /org/gtk/gvfs/exec_spaw/1
muchoab+  5387  0.0  0.2 758492 20440 ?        Sl   11:39   0:00 /usr/lib/gvfs/gvfsd-smb-browse --spawner :1.4 /org/gtk/gvfs/exec_spaw/2
muchoab+  5408  0.0  0.0 368788  6784 ?        Sl   11:39   0:00 /usr/lib/gvfs/gvfsd-dnssd --spawner :1.4 /org/gtk/gvfs/exec_spaw/5
root      5452  0.1  0.0      0     0 ?        S    11:39   0:01 [kworker/u8:2]
muchoab+  5490  0.1  0.5 667540 37156 ?        Sl   11:40   0:01 /usr/lib/gnome-terminal/gnome-terminal-server
muchoab+  5497  0.0  0.0  29732  5468 pts/2    Ss   11:40   0:00 bash
muchoab+  5531  0.0  0.0  19664  3304 pts/2    S+   11:41   0:00 bash pycharm.sh
muchoab+  5582 52.3 10.1 4646536 722188 pts/2  Sl+  11:41  11:35 ./../jre/jre/bin/java -Xbootclasspath/a:./../lib/boot.jar -classpath ./../lib/bootstrap.jar:./../lib/extensions.jar:./../lib/util.jar:./../lib/jdom.jar:./../lib/log4j.jar:./../lib/trove4j.jar:./../lib/jna.jar -Xms128m -Xmx750m -XX:ReservedCodeCacheSize=240m -XX:+UseConcMarkSweepGC -XX:SoftRefLRUPolicyMSPerMB=50 -ea -Dsun.io.useCanonCaches=false -Djava.net.preferIPv4Stack=true -XX:+HeapDumpOnOutOfMemoryError -XX:-OmitStackTraceInFastThrow -Dawt.useSystemAAFontSettings=lcd -Djb.vmOptionsFile=./pycharm64.vmoptions -XX:ErrorFile=/home/muchoabarca/java_error_in_PYCHARM_%p.log -XX:HeapDumpPath=/home/muchoabarca/java_error_in_PYCHARM.hprof -Djb.restart.code=88 -Didea.paths.selector=PyCharm2016.2 -Didea.platform.prefix=Python -Didea.no.jre.check=true com.intellij.idea.Main
muchoab+  5616  0.0  0.0   4728  1768 pts/2    S+   11:41   0:00 /home/muchoabarca/Documents/PyCharm/pycharm-2016.2.3/bin/fsnotifier64
root      5671  0.0  0.0      0     0 ?        S    11:41   0:00 [kworker/3:0]
root      5889  0.1  0.0      0     0 ?        S    11:45   0:01 [kworker/u8:3]
root      5991  0.1  0.0      0     0 ?        S    11:48   0:01 [kworker/2:1]
root      6045  0.0  0.0      0     0 ?        S    11:49   0:00 [kworker/0:0]
root      6238  0.1  0.0      0     0 ?        S    11:55   0:00 [kworker/1:2]
root      6249  0.0  0.0      0     0 ?        S    11:55   0:00 [kworker/u8:0]
root      6319  0.1  0.0      0     0 ?        S    11:57   0:00 [kworker/0:2]
root      6474  0.1  0.0      0     0 ?        S    12:02   0:00 [kworker/u8:1]
root      6479  0.0  0.0      0     0 ?        S    12:02   0:00 [kworker/0:1]
muchoab+  6482  0.1  0.1  41988 10448 pts/2    S+   12:02   0:00 /usr/bin/python2.7 /home/muchoabarca/PycharmProjects/SistemasOperativos/Final_Project.py
muchoab+  6511  0.0  0.0   4508   720 pts/2    S+   12:03   0:00 sh -c ps aux > Process_Log.log
muchoab+  6512  0.0  0.0  44432  3500 pts/2    R+   12:03   0:00 ps aux
